<?xml version="1.0" encoding="UTF-8"?>
<testng-results ignored="0" total="12" passed="12" failed="0" skipped="0">
  <reporter-output>
  </reporter-output>
  <suite started-at="2026-05-19T12:38:18 IST" name="API Suite" finished-at="2026-05-19T12:40:35 IST" duration-ms="137491">
    <groups>
    </groups>
    <test started-at="2026-05-19T12:38:18 IST" name="Test" finished-at="2026-05-19T12:40:35 IST" duration-ms="137491">
      <class name="com.myproject.tests.DataproviderTest">
        <test-method is-config="true" signature="setup()[pri:0, instance:com.myproject.tests.DataproviderTest@336365bc]" started-at="2026-05-19T12:38:53 IST" name="setup" finished-at="2026-05-19T12:38:55 IST" duration-ms="1321" status="PASS">
          <reporter-output>
          </reporter-output>
        </test-method> <!-- setup -->
        <test-method signature="Postlist(java.util.Map)[pri:0, instance:com.myproject.tests.DataproviderTest@336365bc]" started-at="2026-05-19T12:38:55 IST" name="Postlist" data-provider="userData" finished-at="2026-05-19T12:39:02 IST" duration-ms="7646" status="PASS">
          <params>
            <param index="0">
              <value>
                <![CDATA[{firstName=Dew, lastName=Nser, password=Dew123, userStatus=19, phone=944365373, id=190, email=Dew19@test.com, username=user19}]]>
              </value>
            </param>
          </params>
          <reporter-output>
          </reporter-output>
        </test-method> <!-- Postlist -->
        <test-method is-config="true" signature="setup()[pri:0, instance:com.myproject.tests.DataproviderTest@336365bc]" started-at="2026-05-19T12:39:02 IST" name="setup" finished-at="2026-05-19T12:39:04 IST" duration-ms="1328" status="PASS">
          <reporter-output>
          </reporter-output>
        </test-method> <!-- setup -->
        <test-method signature="Postlist(java.util.Map)[pri:0, instance:com.myproject.tests.DataproviderTest@336365bc]" started-at="2026-05-19T12:39:04 IST" name="Postlist" data-provider="userData" finished-at="2026-05-19T12:39:06 IST" duration-ms="2699" status="PASS">
          <params>
            <param index="0">
              <value>
                <![CDATA[{firstName=Net, lastName=Tester, password=Net123, userStatus=20, phone=942435374, id=191, email=Net20@test.com, username=user20}]]>
              </value>
            </param>
          </params>
          <reporter-output>
          </reporter-output>
        </test-method> <!-- Postlist -->
        <test-method is-config="true" signature="setup()[pri:0, instance:com.myproject.tests.DataproviderTest@336365bc]" started-at="2026-05-19T12:39:06 IST" name="setup" finished-at="2026-05-19T12:39:08 IST" duration-ms="1312" status="PASS">
          <reporter-output>
          </reporter-output>
        </test-method> <!-- setup -->
        <test-method signature="Postlist(java.util.Map)[pri:0, instance:com.myproject.tests.DataproviderTest@336365bc]" started-at="2026-05-19T12:39:08 IST" name="Postlist" data-provider="userData" finished-at="2026-05-19T12:39:15 IST" duration-ms="7590" status="PASS">
          <params>
            <param index="0">
              <value>
                <![CDATA[{firstName=dummy, lastName=Tester, password=dummy123, userStatus=21, phone=9426835375, id=192, email=dummy21@test.com, username=user21}]]>
              </value>
            </param>
          </params>
          <reporter-output>
          </reporter-output>
        </test-method> <!-- Postlist -->
        <test-method is-config="true" signature="setup()[pri:0, instance:com.myproject.tests.DataproviderTest@336365bc]" started-at="2026-05-19T12:39:15 IST" name="setup" finished-at="2026-05-19T12:39:16 IST" duration-ms="1338" status="PASS">
          <reporter-output>
          </reporter-output>
        </test-method> <!-- setup -->
        <test-method signature="updateUser()[pri:0, instance:com.myproject.tests.DataproviderTest@336365bc]" started-at="2026-05-19T12:39:17 IST" name="updateUser" finished-at="2026-05-19T12:39:22 IST" duration-ms="5304" status="PASS">
          <reporter-output>
          </reporter-output>
        </test-method> <!-- updateUser -->
      </class> <!-- com.myproject.tests.DataproviderTest -->
      <class name="com.myproject.tests.NegativeScenarioTest">
        <test-method is-config="true" signature="setup()[pri:0, instance:com.myproject.tests.NegativeScenarioTest@38eb2fb0]" started-at="2026-05-19T12:39:22 IST" name="setup" finished-at="2026-05-19T12:39:23 IST" duration-ms="1302" status="PASS">
          <reporter-output>
          </reporter-output>
        </test-method> <!-- setup -->
        <test-method signature="Postlist()[pri:0, instance:com.myproject.tests.NegativeScenarioTest@38eb2fb0]" started-at="2026-05-19T12:39:23 IST" name="Postlist" finished-at="2026-05-19T12:39:37 IST" duration-ms="14180" status="PASS">
          <reporter-output>
          </reporter-output>
        </test-method> <!-- Postlist -->
        <test-method is-config="true" signature="setup()[pri:0, instance:com.myproject.tests.NegativeScenarioTest@38eb2fb0]" started-at="2026-05-19T12:39:37 IST" name="setup" finished-at="2026-05-19T12:39:39 IST" duration-ms="1299" status="PASS">
          <reporter-output>
          </reporter-output>
        </test-method> <!-- setup -->
        <test-method signature="updateUser()[pri:0, instance:com.myproject.tests.NegativeScenarioTest@38eb2fb0]" started-at="2026-05-19T12:39:39 IST" name="updateUser" finished-at="2026-05-19T12:39:50 IST" duration-ms="11606" status="PASS">
          <reporter-output>
          </reporter-output>
        </test-method> <!-- updateUser -->
      </class> <!-- com.myproject.tests.NegativeScenarioTest -->
      <class name="com.myproject.tests.PojoTest">
        <test-method is-config="true" signature="setup()[pri:0, instance:com.myproject.tests.PojoTest@7351a16e]" started-at="2026-05-19T12:40:09 IST" name="setup" finished-at="2026-05-19T12:40:10 IST" duration-ms="1318" status="PASS">
          <reporter-output>
          </reporter-output>
        </test-method> <!-- setup -->
        <test-method signature="Postlist()[pri:0, instance:com.myproject.tests.PojoTest@7351a16e]" started-at="2026-05-19T12:40:10 IST" name="Postlist" finished-at="2026-05-19T12:40:24 IST" duration-ms="13296" status="PASS">
          <reporter-output>
          </reporter-output>
        </test-method> <!-- Postlist -->
        <test-method is-config="true" signature="setup()[pri:0, instance:com.myproject.tests.PojoTest@7351a16e]" started-at="2026-05-19T12:40:24 IST" name="setup" finished-at="2026-05-19T12:40:25 IST" duration-ms="1290" status="PASS">
          <reporter-output>
          </reporter-output>
        </test-method> <!-- setup -->
        <test-method signature="updateUser()[pri:0, instance:com.myproject.tests.PojoTest@7351a16e]" started-at="2026-05-19T12:40:25 IST" name="updateUser" finished-at="2026-05-19T12:40:35 IST" duration-ms="10248" status="PASS">
          <reporter-output>
          </reporter-output>
        </test-method> <!-- updateUser -->
      </class> <!-- com.myproject.tests.PojoTest -->
      <class name="com.myproject.tests.DataDrivenTest">
        <test-method is-config="true" signature="setup()[pri:0, instance:com.myproject.tests.DataDrivenTest@e4d2696]" started-at="2026-05-19T12:38:18 IST" name="setup" finished-at="2026-05-19T12:38:28 IST" duration-ms="10214" status="PASS">
          <reporter-output>
          </reporter-output>
        </test-method> <!-- setup -->
        <test-method signature="Postlist()[pri:0, instance:com.myproject.tests.DataDrivenTest@e4d2696]" started-at="2026-05-19T12:38:28 IST" name="Postlist" finished-at="2026-05-19T12:38:42 IST" duration-ms="13412" status="PASS">
          <reporter-output>
          </reporter-output>
        </test-method> <!-- Postlist -->
        <test-method is-config="true" signature="setup()[pri:0, instance:com.myproject.tests.DataDrivenTest@e4d2696]" started-at="2026-05-19T12:38:42 IST" name="setup" finished-at="2026-05-19T12:38:43 IST" duration-ms="1337" status="PASS">
          <reporter-output>
          </reporter-output>
        </test-method> <!-- setup -->
        <test-method signature="updateUser()[pri:0, instance:com.myproject.tests.DataDrivenTest@e4d2696]" started-at="2026-05-19T12:38:43 IST" name="updateUser" finished-at="2026-05-19T12:38:53 IST" duration-ms="10318" status="PASS">
          <reporter-output>
          </reporter-output>
        </test-method> <!-- updateUser -->
      </class> <!-- com.myproject.tests.DataDrivenTest -->
      <class name="com.myproject.tests.UserOperation">
        <test-method is-config="true" signature="setup()[pri:0, instance:com.myproject.tests.UserOperation@4567e53d]" started-at="2026-05-19T12:39:50 IST" name="setup" finished-at="2026-05-19T12:39:52 IST" duration-ms="1346" status="PASS">
          <reporter-output>
          </reporter-output>
        </test-method> <!-- setup -->
        <test-method signature="Postlist()[pri:0, instance:com.myproject.tests.UserOperation@4567e53d]" started-at="2026-05-19T12:39:52 IST" name="Postlist" finished-at="2026-05-19T12:39:59 IST" duration-ms="7642" status="PASS">
          <reporter-output>
          </reporter-output>
        </test-method> <!-- Postlist -->
        <test-method is-config="true" signature="setup()[pri:0, instance:com.myproject.tests.UserOperation@4567e53d]" started-at="2026-05-19T12:39:59 IST" name="setup" finished-at="2026-05-19T12:40:01 IST" duration-ms="1340" status="PASS">
          <reporter-output>
          </reporter-output>
        </test-method> <!-- setup -->
        <test-method signature="updateUser()[pri:0, instance:com.myproject.tests.UserOperation@4567e53d]" started-at="2026-05-19T12:40:01 IST" name="updateUser" finished-at="2026-05-19T12:40:09 IST" duration-ms="8615" status="PASS">
          <reporter-output>
          </reporter-output>
        </test-method> <!-- updateUser -->
      </class> <!-- com.myproject.tests.UserOperation -->
    </test> <!-- Test -->
  </suite> <!-- API Suite -->
</testng-results>
