<?xml version="1.0" encoding="UTF-8"?>
<testsuite xmlns:xsi="http://www.w3.org/2001/XMLSchema-instance" xsi:noNamespaceSchemaLocation="https://maven.apache.org/surefire/maven-surefire-plugin/xsd/surefire-test-report-3.0.xsd" version="3.0" name="com.myproject.tests.DataDrivenTest" time="23.039" tests="3" errors="0" skipped="0" failures="0">
  <properties>
[...]
</properties>
  <testcase name="Postlist[{firstName=Random, lastName=Test, password=Random@123, userStatus=23, expectedStatus=200, id=34, email=random123@gamil.com, expectedMessage=Valid, username=Random123}](1)" classname="com.myproject.tests.DataDrivenTest" time="3.746">
    <system-out><![CDATA[Generated Token: 1778494539474
HTTP/1.1 200 OK
Date: Mon, 11 May 2026 10:15:41 GMT
Content-Type: application/json
Transfer-Encoding: chunked
Connection: keep-alive
Access-Control-Allow-Origin: *
Access-Control-Allow-Methods: GET, POST, DELETE, PUT
Access-Control-Allow-Headers: Content-Type, api_key, Authorization
Server: Jetty(9.2.9.v20150224)

{
    "code": 200,
    "type": "unknown",
    "message": "ok"
}
HTTP/1.1 200 OK
Date: Mon, 11 May 2026 10:15:43 GMT
Content-Type: application/json
Transfer-Encoding: chunked
Connection: keep-alive
Access-Control-Allow-Origin: *
Access-Control-Allow-Methods: GET, POST, DELETE, PUT
Access-Control-Allow-Headers: Content-Type, api_key, Authorization
Server: Jetty(9.2.9.v20150224)

{
    "id": 34,
    "username": "Random123",
    "firstName": "Random",
    "lastName": "Test",
    "email": "random123@gamil.com",
    "password": "Random@123",
    "userStatus": 23
}
ACTUAL USERNAME: Random123
]]></system-out>
  </testcase>
  <testcase name="Postlist[{firstName=Test, lastName=Data, password=Test@456, userStatus=56, expectedStatus=200, id=35, email=test456@gmail.com, expectedMessage=Valid, username=Test456}](2)" classname="com.myproject.tests.DataDrivenTest" time="3.694">
    <system-out><![CDATA[HTTP/1.1 200 OK
Date: Mon, 11 May 2026 10:15:45 GMT
Content-Type: application/json
Transfer-Encoding: chunked
Connection: keep-alive
Access-Control-Allow-Origin: *
Access-Control-Allow-Methods: GET, POST, DELETE, PUT
Access-Control-Allow-Headers: Content-Type, api_key, Authorization
Server: Jetty(9.2.9.v20150224)

{
    "code": 200,
    "type": "unknown",
    "message": "ok"
}
HTTP/1.1 200 OK
Date: Mon, 11 May 2026 10:15:47 GMT
Content-Type: application/json
Transfer-Encoding: chunked
Connection: keep-alive
Access-Control-Allow-Origin: *
Access-Control-Allow-Methods: GET, POST, DELETE, PUT
Access-Control-Allow-Headers: Content-Type, api_key, Authorization
Server: Jetty(9.2.9.v20150224)

{
    "id": 35,
    "username": "Test456",
    "firstName": "Test",
    "lastName": "Data",
    "email": "test456@gmail.com",
    "password": "Test@456",
    "userStatus": 56
}
ACTUAL USERNAME: Test456
]]></system-out>
  </testcase>
  <testcase name="Postlist[{firstName=New, lastName=Dummy, password=New@984, userStatus=84, expectedStatus=200, id=36, email=new984@gmail.com, expectedMessage=Valid, username=New984}](3)" classname="com.myproject.tests.DataDrivenTest" time="3.798">
    <system-out><![CDATA[HTTP/1.1 200 OK
Date: Mon, 11 May 2026 10:15:49 GMT
Content-Type: application/json
Transfer-Encoding: chunked
Connection: keep-alive
Access-Control-Allow-Origin: *
Access-Control-Allow-Methods: GET, POST, DELETE, PUT
Access-Control-Allow-Headers: Content-Type, api_key, Authorization
Server: Jetty(9.2.9.v20150224)

{
    "code": 200,
    "type": "unknown",
    "message": "ok"
}
HTTP/1.1 200 OK
Date: Mon, 11 May 2026 10:15:50 GMT
Content-Type: application/json
Transfer-Encoding: chunked
Connection: keep-alive
Access-Control-Allow-Origin: *
Access-Control-Allow-Methods: GET, POST, DELETE, PUT
Access-Control-Allow-Headers: Content-Type, api_key, Authorization
Server: Jetty(9.2.9.v20150224)

{
    "id": 36,
    "username": "New984",
    "firstName": "New",
    "lastName": "Dummy",
    "email": "new984@gmail.com",
    "password": "New@984",
    "userStatus": 84
}
ACTUAL USERNAME: New984
]]></system-out>
  </testcase>
</testsuite>