<?xml version="1.0" encoding="UTF-8"?>
<testsuite xmlns:xsi="http://www.w3.org/2001/XMLSchema-instance" xsi:noNamespaceSchemaLocation="https://maven.apache.org/surefire/maven-surefire-plugin/xsd/surefire-test-report-3.0.xsd" version="3.0" name="TestSuite" time="133.13" tests="10" errors="0" skipped="0" failures="0">
  <properties>
[...]
</properties>
  <testcase name="Postlist" classname="com.myproject.tests.DataDrivenTest" time="15.77">
    <system-out><![CDATA[16:35:58.864 [main] DEBUG org.testng.TestNG -- suiteXmlPath: "/Users/nileshrajendrabehare/Documents/API_RestAssured/restassured-project/testng.xml"
Generated Token: 1778756765290
HTTP/1.1 200 OK
Date: Thu, 14 May 2026 11:06:12 GMT
Content-Type: application/json
Transfer-Encoding: chunked
Connection: keep-alive
Access-Control-Allow-Origin: *
Access-Control-Allow-Methods: GET, POST, DELETE, PUT
Access-Control-Allow-Headers: Content-Type, api_key, Authorization
Server: Jetty(9.2.9.v20150224)

{
    "code": 200,
    "type": "unknown",
    "message": "ok"
}
HTTP/1.1 200 OK
Date: Thu, 14 May 2026 11:06:14 GMT
Content-Type: application/json
Transfer-Encoding: chunked
Connection: keep-alive
Access-Control-Allow-Origin: *
Access-Control-Allow-Methods: GET, POST, DELETE, PUT
Access-Control-Allow-Headers: Content-Type, api_key, Authorization
Server: Jetty(9.2.9.v20150224)

{
    "id": 35,
    "username": "BCA321",
    "email": "test456@gmail.com",
    "password": "Test@456",
    "userStatus": 56
}
ACTUAL USERNAME: BCA321
HTTP/1.1 200 OK
Date: Thu, 14 May 2026 11:06:16 GMT
Content-Type: application/json
Transfer-Encoding: chunked
Connection: keep-alive
Access-Control-Allow-Origin: *
Access-Control-Allow-Methods: GET, POST, DELETE, PUT
Access-Control-Allow-Headers: Content-Type, api_key, Authorization
Server: Jetty(9.2.9.v20150224)

{
    "code": 200,
    "type": "unknown",
    "message": "ok"
}
HTTP/1.1 200 OK
Date: Thu, 14 May 2026 11:06:18 GMT
Content-Type: application/json
Transfer-Encoding: chunked
Connection: keep-alive
Access-Control-Allow-Origin: *
Access-Control-Allow-Methods: GET, POST, DELETE, PUT
Access-Control-Allow-Headers: Content-Type, api_key, Authorization
Server: Jetty(9.2.9.v20150224)

{
    "id": 35,
    "username": "BCA321",
    "email": "test456@gmail.com",
    "password": "Test@456",
    "userStatus": 56
}
ACTUAL USERNAME: BCA321
HTTP/1.1 200 OK
Date: Thu, 14 May 2026 11:06:19 GMT
Content-Type: application/json
Transfer-Encoding: chunked
Connection: keep-alive
Access-Control-Allow-Origin: *
Access-Control-Allow-Methods: GET, POST, DELETE, PUT
Access-Control-Allow-Headers: Content-Type, api_key, Authorization
Server: Jetty(9.2.9.v20150224)

{
    "code": 200,
    "type": "unknown",
    "message": "ok"
}
HTTP/1.1 200 OK
Date: Thu, 14 May 2026 11:06:21 GMT
Content-Type: application/json
Transfer-Encoding: chunked
Connection: keep-alive
Access-Control-Allow-Origin: *
Access-Control-Allow-Methods: GET, POST, DELETE, PUT
Access-Control-Allow-Headers: Content-Type, api_key, Authorization
Server: Jetty(9.2.9.v20150224)

{
    "id": 35,
    "username": "BCA321",
    "email": "test456@gmail.com",
    "password": "Test@456",
    "userStatus": 56
}
ACTUAL USERNAME: BCA321
]]></system-out>
  </testcase>
  <testcase name="updateUser" classname="com.myproject.tests.DataDrivenTest" time="11.633">
    <system-out><![CDATA[Generated Token: 1778756783131
Updated USERNAME : Random1778756788305
HTTP/1.1 200 OK
Date: Thu, 14 May 2026 11:06:29 GMT
Content-Type: application/json
Transfer-Encoding: chunked
Connection: keep-alive
Access-Control-Allow-Origin: *
Access-Control-Allow-Methods: GET, POST, DELETE, PUT
Access-Control-Allow-Headers: Content-Type, api_key, Authorization
Server: Jetty(9.2.9.v20150224)

{
    "code": 200,
    "type": "unknown",
    "message": "9223372036854765858"
}
User updated successfully
HTTP/1.1 200 OK
Date: Thu, 14 May 2026 11:06:31 GMT
Content-Type: application/json
Transfer-Encoding: chunked
Connection: keep-alive
Access-Control-Allow-Origin: *
Access-Control-Allow-Methods: GET, POST, DELETE, PUT
Access-Control-Allow-Headers: Content-Type, api_key, Authorization
Server: Jetty(9.2.9.v20150224)

{
    "id": 9223372036854765858,
    "username": "Random1778756788305",
    "userStatus": 0
}
User is Succesfully Deleted
HTTP/1.1 404 Not Found
Date: Thu, 14 May 2026 11:06:34 GMT
Content-Type: application/json
Transfer-Encoding: chunked
Connection: keep-alive
Access-Control-Allow-Origin: *
Access-Control-Allow-Methods: GET, POST, DELETE, PUT
Access-Control-Allow-Headers: Content-Type, api_key, Authorization
Server: Jetty(9.2.9.v20150224)

{
    "code": 1,
    "type": "error",
    "message": "User not found"
}
User Not Found
]]></system-out>
  </testcase>
  <testcase name="Postlist[{firstName=Dew, lastName=Nser, password=Dew123, userStatus=19, phone=944365373, id=190, email=Dew19@test.com, username=user19}](1)" classname="com.myproject.tests.DataproviderTest" time="8.474">
    <system-out><![CDATA[Generated Token: 1778756796339
HTTP/1.1 200 OK
Date: Thu, 14 May 2026 11:06:43 GMT
Content-Type: application/json
Transfer-Encoding: chunked
Connection: keep-alive
Access-Control-Allow-Origin: *
Access-Control-Allow-Methods: GET, POST, DELETE, PUT
Access-Control-Allow-Headers: Content-Type, api_key, Authorization
Server: Jetty(9.2.9.v20150224)

{
    "code": 200,
    "type": "unknown",
    "message": "ok"
}
HTTP/1.1 200 OK
Date: Thu, 14 May 2026 11:06:44 GMT
Content-Type: application/json
Transfer-Encoding: chunked
Connection: keep-alive
Access-Control-Allow-Origin: *
Access-Control-Allow-Methods: GET, POST, DELETE, PUT
Access-Control-Allow-Headers: Content-Type, api_key, Authorization
Server: Jetty(9.2.9.v20150224)

{
    "id": 190,
    "username": "user19",
    "firstName": "Dew",
    "lastName": "Nser",
    "email": "Dew19@test.com",
    "password": "Dew123",
    "phone": "944365373",
    "userStatus": 19
}
USERNAME : user19
]]></system-out>
  </testcase>
  <testcase name="Postlist[{firstName=Net, lastName=Tester, password=Net123, userStatus=20, phone=942435374, id=191, email=Net20@test.com, username=user20}](2)" classname="com.myproject.tests.DataproviderTest" time="8.377">
    <system-out><![CDATA[Generated Token: 1778756806487
HTTP/1.1 200 OK
Date: Thu, 14 May 2026 11:06:53 GMT
Content-Type: application/json
Transfer-Encoding: chunked
Connection: keep-alive
Access-Control-Allow-Origin: *
Access-Control-Allow-Methods: GET, POST, DELETE, PUT
Access-Control-Allow-Headers: Content-Type, api_key, Authorization
Server: Jetty(9.2.9.v20150224)

{
    "code": 200,
    "type": "unknown",
    "message": "ok"
}
HTTP/1.1 200 OK
Date: Thu, 14 May 2026 11:06:54 GMT
Content-Type: application/json
Transfer-Encoding: chunked
Connection: keep-alive
Access-Control-Allow-Origin: *
Access-Control-Allow-Methods: GET, POST, DELETE, PUT
Access-Control-Allow-Headers: Content-Type, api_key, Authorization
Server: Jetty(9.2.9.v20150224)

{
    "id": 191,
    "username": "user20",
    "firstName": "Net",
    "lastName": "Tester",
    "email": "Net20@test.com",
    "password": "Net123",
    "phone": "942435374",
    "userStatus": 20
}
USERNAME : user20
]]></system-out>
  </testcase>
  <testcase name="Postlist[{firstName=dummy, lastName=Tester, password=dummy123, userStatus=21, phone=9426835375, id=192, email=dummy21@test.com, username=user21}](3)" classname="com.myproject.tests.DataproviderTest" time="8.095">
    <system-out><![CDATA[Generated Token: 1778756816617
HTTP/1.1 200 OK
Date: Thu, 14 May 2026 11:07:03 GMT
Content-Type: application/json
Transfer-Encoding: chunked
Connection: keep-alive
Access-Control-Allow-Origin: *
Access-Control-Allow-Methods: GET, POST, DELETE, PUT
Access-Control-Allow-Headers: Content-Type, api_key, Authorization
Server: Jetty(9.2.9.v20150224)

{
    "code": 200,
    "type": "unknown",
    "message": "ok"
}
HTTP/1.1 200 OK
Date: Thu, 14 May 2026 11:07:04 GMT
Content-Type: application/json
Transfer-Encoding: chunked
Connection: keep-alive
Access-Control-Allow-Origin: *
Access-Control-Allow-Methods: GET, POST, DELETE, PUT
Access-Control-Allow-Headers: Content-Type, api_key, Authorization
Server: Jetty(9.2.9.v20150224)

{
    "id": 192,
    "username": "user21",
    "firstName": "dummy",
    "lastName": "Tester",
    "email": "dummy21@test.com",
    "password": "dummy123",
    "phone": "9426835375",
    "userStatus": 21
}
USERNAME : user21
]]></system-out>
  </testcase>
  <testcase name="updateUser" classname="com.myproject.tests.DataproviderTest" time="6.407">
    <system-out><![CDATA[Generated Token: 1778756826203
Updated USERNAME : Random1778756826359
HTTP/1.1 200 OK
Date: Thu, 14 May 2026 11:07:07 GMT
Content-Type: application/json
Transfer-Encoding: chunked
Connection: keep-alive
Access-Control-Allow-Origin: *
Access-Control-Allow-Methods: GET, POST, DELETE, PUT
Access-Control-Allow-Headers: Content-Type, api_key, Authorization
Server: Jetty(9.2.9.v20150224)

{
    "code": 200,
    "type": "unknown",
    "message": "9223372036854765861"
}
User updated successfully
HTTP/1.1 200 OK
Date: Thu, 14 May 2026 11:07:09 GMT
Content-Type: application/json
Transfer-Encoding: chunked
Connection: keep-alive
Access-Control-Allow-Origin: *
Access-Control-Allow-Methods: GET, POST, DELETE, PUT
Access-Control-Allow-Headers: Content-Type, api_key, Authorization
Server: Jetty(9.2.9.v20150224)

{
    "id": 9223372036854765861,
    "username": "Random1778756826359",
    "userStatus": 0
}
User is Succesfully Deleted
HTTP/1.1 404 Not Found
Date: Thu, 14 May 2026 11:07:12 GMT
Content-Type: application/json
Transfer-Encoding: chunked
Connection: keep-alive
Access-Control-Allow-Origin: *
Access-Control-Allow-Methods: GET, POST, DELETE, PUT
Access-Control-Allow-Headers: Content-Type, api_key, Authorization
Server: Jetty(9.2.9.v20150224)

{
    "code": 1,
    "type": "error",
    "message": "User not found"
}
User Not Found
]]></system-out>
  </testcase>
  <testcase name="Postlist" classname="com.myproject.tests.NegativeScenarioTest" time="16.273">
    <system-out><![CDATA[Generated Token: 1778756834127
POST Success for: ABC123
POST Success for: BCA321
POST Success for: CBA111
Negative Username: 63637
HTTP/1.1 404 Not Found
Date: Thu, 14 May 2026 11:07:25 GMT
Content-Type: application/json
Transfer-Encoding: chunked
Connection: keep-alive
Access-Control-Allow-Origin: *
Access-Control-Allow-Methods: GET, POST, DELETE, PUT
Access-Control-Allow-Headers: Content-Type, api_key, Authorization
Server: Jetty(9.2.9.v20150224)

{
    "code": 1,
    "type": "error",
    "message": "User not found"
}
GET Negative validated for: 63637
Negative Username: 36373
HTTP/1.1 404 Not Found
Date: Thu, 14 May 2026 11:07:27 GMT
Content-Type: application/json
Transfer-Encoding: chunked
Connection: keep-alive
Access-Control-Allow-Origin: *
Access-Control-Allow-Methods: GET, POST, DELETE, PUT
Access-Control-Allow-Headers: Content-Type, api_key, Authorization
Server: Jetty(9.2.9.v20150224)

{
    "code": 1,
    "type": "error",
    "message": "User not found"
}
GET Negative validated for: 36373
Negative Username: 35367
HTTP/1.1 404 Not Found
Date: Thu, 14 May 2026 11:07:28 GMT
Content-Type: application/json
Transfer-Encoding: chunked
Connection: keep-alive
Access-Control-Allow-Origin: *
Access-Control-Allow-Methods: GET, POST, DELETE, PUT
Access-Control-Allow-Headers: Content-Type, api_key, Authorization
Server: Jetty(9.2.9.v20150224)

{
    "code": 1,
    "type": "error",
    "message": "User not found"
}
GET Negative validated for: 35367
Negative Username: 552829
HTTP/1.1 404 Not Found
Date: Thu, 14 May 2026 11:07:30 GMT
Content-Type: application/json
Transfer-Encoding: chunked
Connection: keep-alive
Access-Control-Allow-Origin: *
Access-Control-Allow-Methods: GET, POST, DELETE, PUT
Access-Control-Allow-Headers: Content-Type, api_key, Authorization
Server: Jetty(9.2.9.v20150224)

{
    "code": 1,
    "type": "error",
    "message": "User not found"
}
GET Negative validated for: 552829
]]></system-out>
  </testcase>
  <testcase name="updateUser" classname="com.myproject.tests.NegativeScenarioTest" time="16.997">
    <system-out><![CDATA[Generated Token: 1778756851945
Updated USERNAME : Random1778756857138
HTTP/1.1 200 OK
Date: Thu, 14 May 2026 11:07:42 GMT
Content-Type: application/json
Transfer-Encoding: chunked
Connection: keep-alive
Access-Control-Allow-Origin: *
Access-Control-Allow-Methods: GET, POST, DELETE, PUT
Access-Control-Allow-Headers: Content-Type, api_key, Authorization
Server: Jetty(9.2.9.v20150224)

{
    "code": 200,
    "type": "unknown",
    "message": "9223372036854765863"
}
User updated successfully
HTTP/1.1 200 OK
Date: Thu, 14 May 2026 11:07:43 GMT
Content-Type: application/json
Transfer-Encoding: chunked
Connection: keep-alive
Access-Control-Allow-Origin: *
Access-Control-Allow-Methods: GET, POST, DELETE, PUT
Access-Control-Allow-Headers: Content-Type, api_key, Authorization
Server: Jetty(9.2.9.v20150224)

{
    "id": 9223372036854765863,
    "username": "Random1778756857138",
    "userStatus": 0
}
User is Succesfully Deleted
HTTP/1.1 404 Not Found
Date: Thu, 14 May 2026 11:07:47 GMT
Content-Type: application/json
Transfer-Encoding: chunked
Connection: keep-alive
Access-Control-Allow-Origin: *
Access-Control-Allow-Methods: GET, POST, DELETE, PUT
Access-Control-Allow-Headers: Content-Type, api_key, Authorization
Server: Jetty(9.2.9.v20150224)

{
    "code": 1,
    "type": "error",
    "message": "User not found"
}
User Not Found
User is Not Found for Deletion
]]></system-out>
  </testcase>
  <testcase name="Postlist" classname="com.myproject.tests.UserOperation" time="8.223">
    <system-out><![CDATA[Generated Token: 1778756870582
HTTP/1.1 200 OK
Date: Thu, 14 May 2026 11:07:57 GMT
Content-Type: application/json
Transfer-Encoding: chunked
Connection: keep-alive
Access-Control-Allow-Origin: *
Access-Control-Allow-Methods: GET, POST, DELETE, PUT
Access-Control-Allow-Headers: Content-Type, api_key, Authorization
Server: Jetty(9.2.9.v20150224)

{
    "code": 200,
    "type": "unknown",
    "message": "ok"
}
UserID : null
Headers validated successfully
No cookies found
HTTP/1.1 200 OK
Date: Thu, 14 May 2026 11:07:58 GMT
Content-Type: application/json
Transfer-Encoding: chunked
Connection: keep-alive
Access-Control-Allow-Origin: *
Access-Control-Allow-Methods: GET, POST, DELETE, PUT
Access-Control-Allow-Headers: Content-Type, api_key, Authorization
Server: Jetty(9.2.9.v20150224)

{
    "id": 134,
    "username": "user34",
    "firstName": "New",
    "lastName": "User",
    "email": "New134@test.com",
    "password": "New123",
    "phone": "9890959931",
    "userStatus": 19
}
USERNAME : user34
]]></system-out>
  </testcase>
  <testcase name="updateUser" classname="com.myproject.tests.UserOperation" time="6.171">
    <system-out><![CDATA[Generated Token: 1778756880378
Updated USERNAME : Random1778756880578
HTTP/1.1 200 OK
Date: Thu, 14 May 2026 11:08:01 GMT
Content-Type: application/json
Transfer-Encoding: chunked
Connection: keep-alive
Access-Control-Allow-Origin: *
Access-Control-Allow-Methods: GET, POST, DELETE, PUT
Access-Control-Allow-Headers: Content-Type, api_key, Authorization
Server: Jetty(9.2.9.v20150224)

{
    "code": 200,
    "type": "unknown",
    "message": "9223372036854765864"
}
User updated successfully
HTTP/1.1 200 OK
Date: Thu, 14 May 2026 11:08:03 GMT
Content-Type: application/json
Transfer-Encoding: chunked
Connection: keep-alive
Access-Control-Allow-Origin: *
Access-Control-Allow-Methods: GET, POST, DELETE, PUT
Access-Control-Allow-Headers: Content-Type, api_key, Authorization
Server: Jetty(9.2.9.v20150224)

{
    "id": 9223372036854765864,
    "username": "Random1778756880578",
    "userStatus": 0
}
User is Succesfully Deleted
HTTP/1.1 404 Not Found
Date: Thu, 14 May 2026 11:08:06 GMT
Content-Type: application/json
Transfer-Encoding: chunked
Connection: keep-alive
Access-Control-Allow-Origin: *
Access-Control-Allow-Methods: GET, POST, DELETE, PUT
Access-Control-Allow-Headers: Content-Type, api_key, Authorization
Server: Jetty(9.2.9.v20150224)

{
    "code": 1,
    "type": "error",
    "message": "User not found"
}
User Not Found
]]></system-out>
  </testcase>
</testsuite>