<?xml version="1.0" encoding="UTF-8"?>
<testsuite xmlns:xsi="http://www.w3.org/2001/XMLSchema-instance" xsi:noNamespaceSchemaLocation="https://maven.apache.org/surefire/maven-surefire-plugin/xsd/surefire-test-report-3.0.xsd" version="3.0" name="com.myproject.tests.UserOperation" time="14.4" tests="2" errors="0" skipped="0" failures="0">
  <properties>
[...]
</properties>
  <testcase name="Postlist" classname="com.myproject.tests.UserOperation" time="3.506">
    <system-out><![CDATA[Generated Token: 1777286042597
HTTP/1.1 200 OK
Date: Mon, 27 Apr 2026 10:34:04 GMT
Content-Type: application/json
Transfer-Encoding: chunked
Connection: keep-alive
Access-Control-Allow-Origin: *
Access-Control-Allow-Methods: GET, POST, DELETE, PUT
Access-Control-Allow-Headers: Content-Type, api_key, Authorization
Server: Jetty(9.2.9.v20150224)

{
    "code": 200,
    "type": "unknown",
    "message": "ok"
}
HTTP/1.1 200 OK
Date: Mon, 27 Apr 2026 10:34:06 GMT
Content-Type: application/json
Transfer-Encoding: chunked
Connection: close
Access-Control-Allow-Origin: *
Access-Control-Allow-Methods: GET, POST, DELETE, PUT
Access-Control-Allow-Headers: Content-Type, api_key, Authorization
Server: Jetty(9.2.9.v20150224)

{
    "id": 190,
    "username": "user19",
    "firstName": "New",
    "lastName": "User",
    "email": "New19@test.com",
    "password": "New123",
    "phone": "9890959931",
    "userStatus": 19
}
]]></system-out>
  </testcase>
  <testcase name="updateUser" classname="com.myproject.tests.UserOperation" time="3.208">
    <system-out><![CDATA[HTTP/1.1 200 OK
Date: Mon, 27 Apr 2026 10:34:07 GMT
Content-Type: application/json
Transfer-Encoding: chunked
Connection: keep-alive
Access-Control-Allow-Origin: *
Access-Control-Allow-Methods: GET, POST, DELETE, PUT
Access-Control-Allow-Headers: Content-Type, api_key, Authorization
Server: Jetty(9.2.9.v20150224)

{
    "code": 200,
    "type": "unknown",
    "message": "190"
}
HTTP/1.1 200 OK
Date: Mon, 27 Apr 2026 10:34:09 GMT
Content-Type: application/json
Transfer-Encoding: chunked
Connection: close
Access-Control-Allow-Origin: *
Access-Control-Allow-Methods: GET, POST, DELETE, PUT
Access-Control-Allow-Headers: Content-Type, api_key, Authorization
Server: Jetty(9.2.9.v20150224)

{
    "id": 190,
    "username": "Random190",
    "firstName": "Dummy",
    "lastName": "user",
    "userStatus": 0
}
]]></system-out>
  </testcase>
</testsuite>