<?xml version="1.0" encoding="UTF-8"?>
<testng-results ignored="0" total="10" passed="10" failed="0" skipped="0">
  <reporter-output>
  </reporter-output>
  <suite started-at="2026-05-14T16:35:59 IST" name="API Suite" finished-at="2026-05-14T16:38:06 IST" duration-ms="127479">
    <groups>
    </groups>
    <test started-at="2026-05-14T16:35:59 IST" name="Test" finished-at="2026-05-14T16:38:06 IST" duration-ms="127479">
      <class name="com.myproject.tests.DataproviderTest">
        <test-method is-config="true" signature="setup()[pri:0, instance:com.myproject.tests.DataproviderTest@28a6301f]" started-at="2026-05-14T16:36:34 IST" name="setup" finished-at="2026-05-14T16:36:36 IST" duration-ms="1573" status="PASS">
          <reporter-output>
          </reporter-output>
        </test-method> <!-- setup -->
        <test-method signature="Postlist(java.util.Map)[pri:0, instance:com.myproject.tests.DataproviderTest@28a6301f]" started-at="2026-05-14T16:36:36 IST" name="Postlist" data-provider="userData" finished-at="2026-05-14T16:36:44 IST" duration-ms="8474" status="PASS">
          <params>
            <param index="0">
              <value>
                <![CDATA[{firstName=Dew, lastName=Nser, password=Dew123, userStatus=19, phone=944365373, id=190, email=Dew19@test.com, username=user19}]]>
              </value>
            </param>
          </params>
          <reporter-output>
          </reporter-output>
        </test-method> <!-- Postlist -->
        <test-method is-config="true" signature="setup()[pri:0, instance:com.myproject.tests.DataproviderTest@28a6301f]" started-at="2026-05-14T16:36:45 IST" name="setup" finished-at="2026-05-14T16:36:46 IST" duration-ms="1760" status="PASS">
          <reporter-output>
          </reporter-output>
        </test-method> <!-- setup -->
        <test-method signature="Postlist(java.util.Map)[pri:0, instance:com.myproject.tests.DataproviderTest@28a6301f]" started-at="2026-05-14T16:36:46 IST" name="Postlist" data-provider="userData" finished-at="2026-05-14T16:36:55 IST" duration-ms="8376" status="PASS">
          <params>
            <param index="0">
              <value>
                <![CDATA[{firstName=Net, lastName=Tester, password=Net123, userStatus=20, phone=942435374, id=191, email=Net20@test.com, username=user20}]]>
              </value>
            </param>
          </params>
          <reporter-output>
          </reporter-output>
        </test-method> <!-- Postlist -->
        <test-method is-config="true" signature="setup()[pri:0, instance:com.myproject.tests.DataproviderTest@28a6301f]" started-at="2026-05-14T16:36:55 IST" name="setup" finished-at="2026-05-14T16:36:56 IST" duration-ms="1632" status="PASS">
          <reporter-output>
          </reporter-output>
        </test-method> <!-- setup -->
        <test-method signature="Postlist(java.util.Map)[pri:0, instance:com.myproject.tests.DataproviderTest@28a6301f]" started-at="2026-05-14T16:36:56 IST" name="Postlist" data-provider="userData" finished-at="2026-05-14T16:37:04 IST" duration-ms="8095" status="PASS">
          <params>
            <param index="0">
              <value>
                <![CDATA[{firstName=dummy, lastName=Tester, password=dummy123, userStatus=21, phone=9426835375, id=192, email=dummy21@test.com, username=user21}]]>
              </value>
            </param>
          </params>
          <reporter-output>
          </reporter-output>
        </test-method> <!-- Postlist -->
        <test-method is-config="true" signature="setup()[pri:0, instance:com.myproject.tests.DataproviderTest@28a6301f]" started-at="2026-05-14T16:37:04 IST" name="setup" finished-at="2026-05-14T16:37:06 IST" duration-ms="1484" status="PASS">
          <reporter-output>
          </reporter-output>
        </test-method> <!-- setup -->
        <test-method signature="updateUser()[pri:0, instance:com.myproject.tests.DataproviderTest@28a6301f]" started-at="2026-05-14T16:37:06 IST" name="updateUser" finished-at="2026-05-14T16:37:12 IST" duration-ms="6407" status="PASS">
          <reporter-output>
          </reporter-output>
        </test-method> <!-- updateUser -->
      </class> <!-- com.myproject.tests.DataproviderTest -->
      <class name="com.myproject.tests.NegativeScenarioTest">
        <test-method is-config="true" signature="setup()[pri:0, instance:com.myproject.tests.NegativeScenarioTest@2c306a57]" started-at="2026-05-14T16:37:12 IST" name="setup" finished-at="2026-05-14T16:37:14 IST" duration-ms="1521" status="PASS">
          <reporter-output>
          </reporter-output>
        </test-method> <!-- setup -->
        <test-method signature="Postlist()[pri:0, instance:com.myproject.tests.NegativeScenarioTest@2c306a57]" started-at="2026-05-14T16:37:14 IST" name="Postlist" finished-at="2026-05-14T16:37:30 IST" duration-ms="16271" status="PASS">
          <reporter-output>
          </reporter-output>
        </test-method> <!-- Postlist -->
        <test-method is-config="true" signature="setup()[pri:0, instance:com.myproject.tests.NegativeScenarioTest@2c306a57]" started-at="2026-05-14T16:37:30 IST" name="setup" finished-at="2026-05-14T16:37:32 IST" duration-ms="1536" status="PASS">
          <reporter-output>
          </reporter-output>
        </test-method> <!-- setup -->
        <test-method signature="updateUser()[pri:0, instance:com.myproject.tests.NegativeScenarioTest@2c306a57]" started-at="2026-05-14T16:37:32 IST" name="updateUser" finished-at="2026-05-14T16:37:49 IST" duration-ms="16997" status="PASS">
          <reporter-output>
          </reporter-output>
        </test-method> <!-- updateUser -->
      </class> <!-- com.myproject.tests.NegativeScenarioTest -->
      <class name="com.myproject.tests.DataDrivenTest">
        <test-method is-config="true" signature="setup()[pri:0, instance:com.myproject.tests.DataDrivenTest@51b1a8f6]" started-at="2026-05-14T16:35:59 IST" name="setup" finished-at="2026-05-14T16:36:05 IST" duration-ms="6575" status="PASS">
          <reporter-output>
          </reporter-output>
        </test-method> <!-- setup -->
        <test-method signature="Postlist()[pri:0, instance:com.myproject.tests.DataDrivenTest@51b1a8f6]" started-at="2026-05-14T16:36:05 IST" name="Postlist" finished-at="2026-05-14T16:36:21 IST" duration-ms="15758" status="PASS">
          <reporter-output>
          </reporter-output>
        </test-method> <!-- Postlist -->
        <test-method is-config="true" signature="setup()[pri:0, instance:com.myproject.tests.DataDrivenTest@51b1a8f6]" started-at="2026-05-14T16:36:21 IST" name="setup" finished-at="2026-05-14T16:36:23 IST" duration-ms="1610" status="PASS">
          <reporter-output>
          </reporter-output>
        </test-method> <!-- setup -->
        <test-method signature="updateUser()[pri:0, instance:com.myproject.tests.DataDrivenTest@51b1a8f6]" started-at="2026-05-14T16:36:23 IST" name="updateUser" finished-at="2026-05-14T16:36:34 IST" duration-ms="11635" status="PASS">
          <reporter-output>
          </reporter-output>
        </test-method> <!-- updateUser -->
      </class> <!-- com.myproject.tests.DataDrivenTest -->
      <class name="com.myproject.tests.UserOperation">
        <test-method is-config="true" signature="setup()[pri:0, instance:com.myproject.tests.UserOperation@773e2eb5]" started-at="2026-05-14T16:37:49 IST" name="setup" finished-at="2026-05-14T16:37:50 IST" duration-ms="1617" status="PASS">
          <reporter-output>
          </reporter-output>
        </test-method> <!-- setup -->
        <test-method signature="Postlist()[pri:0, instance:com.myproject.tests.UserOperation@773e2eb5]" started-at="2026-05-14T16:37:50 IST" name="Postlist" finished-at="2026-05-14T16:37:58 IST" duration-ms="8226" status="PASS">
          <reporter-output>
          </reporter-output>
        </test-method> <!-- Postlist -->
        <test-method is-config="true" signature="setup()[pri:0, instance:com.myproject.tests.UserOperation@773e2eb5]" started-at="2026-05-14T16:37:58 IST" name="setup" finished-at="2026-05-14T16:38:00 IST" duration-ms="1620" status="PASS">
          <reporter-output>
          </reporter-output>
        </test-method> <!-- setup -->
        <test-method signature="updateUser()[pri:0, instance:com.myproject.tests.UserOperation@773e2eb5]" started-at="2026-05-14T16:38:00 IST" name="updateUser" finished-at="2026-05-14T16:38:06 IST" duration-ms="6170" status="PASS">
          <reporter-output>
          </reporter-output>
        </test-method> <!-- updateUser -->
      </class> <!-- com.myproject.tests.UserOperation -->
    </test> <!-- Test -->
  </suite> <!-- API Suite -->
</testng-results>
