<?xml version="1.0" encoding="UTF-8"?>
<testsuite xmlns:xsi="http://www.w3.org/2001/XMLSchema-instance" xsi:noNamespaceSchemaLocation="https://maven.apache.org/surefire/maven-surefire-plugin/xsd/surefire-test-report-3.0.xsd" version="3.0" name="TestSuite" time="124.068" tests="10" errors="0" skipped="0" failures="0">
  <properties>
[...]
</properties>
  <testcase name="Postlist" classname="com.myproject.tests.DataDrivenTest" time="14.634">
    <system-out><![CDATA[11:14:38.870 [main] DEBUG org.testng.TestNG -- suiteXmlPath: "/Users/nileshrajendrabehare/Documents/API_RestAssured/restassured-project/testng.xml"
Generated Token: 1778737481625
HTTP/1.1 200 OK
Date: Thu, 14 May 2026 05:44:48 GMT
Content-Type: application/json
Transfer-Encoding: chunked
Connection: keep-alive
Access-Control-Allow-Origin: *
Access-Control-Allow-Methods: GET, POST, DELETE, PUT
Access-Control-Allow-Headers: Content-Type, api_key, Authorization
Server: Jetty(9.2.9.v20150224)

{
    "code": 200,
    "type": "unknown",
    "message": "ok"
}
HTTP/1.1 200 OK
Date: Thu, 14 May 2026 05:44:50 GMT
Content-Type: application/json
Transfer-Encoding: chunked
Connection: keep-alive
Access-Control-Allow-Origin: *
Access-Control-Allow-Methods: GET, POST, DELETE, PUT
Access-Control-Allow-Headers: Content-Type, api_key, Authorization
Server: Jetty(9.2.9.v20150224)

{
    "id": 35,
    "username": "BCA321",
    "email": "test456@gmail.com",
    "password": "Test@456",
    "userStatus": 56
}
ACTUAL USERNAME: BCA321
HTTP/1.1 200 OK
Date: Thu, 14 May 2026 05:44:52 GMT
Content-Type: application/json
Transfer-Encoding: chunked
Connection: keep-alive
Access-Control-Allow-Origin: *
Access-Control-Allow-Methods: GET, POST, DELETE, PUT
Access-Control-Allow-Headers: Content-Type, api_key, Authorization
Server: Jetty(9.2.9.v20150224)

{
    "code": 200,
    "type": "unknown",
    "message": "ok"
}
HTTP/1.1 200 OK
Date: Thu, 14 May 2026 05:44:53 GMT
Content-Type: application/json
Transfer-Encoding: chunked
Connection: keep-alive
Access-Control-Allow-Origin: *
Access-Control-Allow-Methods: GET, POST, DELETE, PUT
Access-Control-Allow-Headers: Content-Type, api_key, Authorization
Server: Jetty(9.2.9.v20150224)

{
    "id": 35,
    "username": "BCA321",
    "email": "test456@gmail.com",
    "password": "Test@456",
    "userStatus": 56
}
ACTUAL USERNAME: BCA321
HTTP/1.1 200 OK
Date: Thu, 14 May 2026 05:44:55 GMT
Content-Type: application/json
Transfer-Encoding: chunked
Connection: keep-alive
Access-Control-Allow-Origin: *
Access-Control-Allow-Methods: GET, POST, DELETE, PUT
Access-Control-Allow-Headers: Content-Type, api_key, Authorization
Server: Jetty(9.2.9.v20150224)

{
    "code": 200,
    "type": "unknown",
    "message": "ok"
}
HTTP/1.1 200 OK
Date: Thu, 14 May 2026 05:44:56 GMT
Content-Type: application/json
Transfer-Encoding: chunked
Connection: keep-alive
Access-Control-Allow-Origin: *
Access-Control-Allow-Methods: GET, POST, DELETE, PUT
Access-Control-Allow-Headers: Content-Type, api_key, Authorization
Server: Jetty(9.2.9.v20150224)

{
    "id": 35,
    "username": "BCA321",
    "email": "test456@gmail.com",
    "password": "Test@456",
    "userStatus": 56
}
ACTUAL USERNAME: BCA321
]]></system-out>
  </testcase>
  <testcase name="updateUser" classname="com.myproject.tests.DataDrivenTest" time="11.167">
    <system-out><![CDATA[Generated Token: 1778737498316
Updated USERNAME : Random1778737503458
HTTP/1.1 200 OK
Date: Thu, 14 May 2026 05:45:04 GMT
Content-Type: application/json
Transfer-Encoding: chunked
Connection: keep-alive
Access-Control-Allow-Origin: *
Access-Control-Allow-Methods: GET, POST, DELETE, PUT
Access-Control-Allow-Headers: Content-Type, api_key, Authorization
Server: Jetty(9.2.9.v20150224)

{
    "code": 200,
    "type": "unknown",
    "message": "9223372036854763735"
}
User updated successfully
HTTP/1.1 200 OK
Date: Thu, 14 May 2026 05:45:06 GMT
Content-Type: application/json
Transfer-Encoding: chunked
Connection: keep-alive
Access-Control-Allow-Origin: *
Access-Control-Allow-Methods: GET, POST, DELETE, PUT
Access-Control-Allow-Headers: Content-Type, api_key, Authorization
Server: Jetty(9.2.9.v20150224)

{
    "id": 9223372036854763735,
    "username": "Random1778737503458",
    "userStatus": 0
}
User is Succesfully Deleted
HTTP/1.1 404 Not Found
Date: Thu, 14 May 2026 05:45:09 GMT
Content-Type: application/json
Transfer-Encoding: chunked
Connection: keep-alive
Access-Control-Allow-Origin: *
Access-Control-Allow-Methods: GET, POST, DELETE, PUT
Access-Control-Allow-Headers: Content-Type, api_key, Authorization
Server: Jetty(9.2.9.v20150224)

{
    "code": 1,
    "type": "error",
    "message": "User not found"
}
User Not Found
]]></system-out>
  </testcase>
  <testcase name="Postlist[{firstName=Dew, lastName=Nser, password=Dew123, userStatus=19, phone=944365373, id=190, email=Dew19@test.com, username=user19}](1)" classname="com.myproject.tests.DataproviderTest" time="11.729">
    <system-out><![CDATA[Generated Token: 1778737511086
HTTP/1.1 200 OK
Date: Thu, 14 May 2026 05:45:21 GMT
Content-Type: application/json
Transfer-Encoding: chunked
Connection: keep-alive
Access-Control-Allow-Origin: *
Access-Control-Allow-Methods: GET, POST, DELETE, PUT
Access-Control-Allow-Headers: Content-Type, api_key, Authorization
Server: Jetty(9.2.9.v20150224)

{
    "code": 200,
    "type": "unknown",
    "message": "ok"
}
HTTP/1.1 200 OK
Date: Thu, 14 May 2026 05:45:22 GMT
Content-Type: application/json
Transfer-Encoding: chunked
Connection: keep-alive
Access-Control-Allow-Origin: *
Access-Control-Allow-Methods: GET, POST, DELETE, PUT
Access-Control-Allow-Headers: Content-Type, api_key, Authorization
Server: Jetty(9.2.9.v20150224)

{
    "id": 190,
    "username": "user19",
    "firstName": "Dew",
    "lastName": "Nser",
    "email": "Dew19@test.com",
    "password": "Dew123",
    "phone": "944365373",
    "userStatus": 19
}
USERNAME : user19
]]></system-out>
  </testcase>
  <testcase name="Postlist[{firstName=Net, lastName=Tester, password=Net123, userStatus=20, phone=942435374, id=191, email=Net20@test.com, username=user20}](2)" classname="com.myproject.tests.DataproviderTest" time="8.088">
    <system-out><![CDATA[Generated Token: 1778737524391
HTTP/1.1 200 OK
Date: Thu, 14 May 2026 05:45:30 GMT
Content-Type: application/json
Transfer-Encoding: chunked
Connection: keep-alive
Access-Control-Allow-Origin: *
Access-Control-Allow-Methods: GET, POST, DELETE, PUT
Access-Control-Allow-Headers: Content-Type, api_key, Authorization
Server: Jetty(9.2.9.v20150224)

{
    "code": 200,
    "type": "unknown",
    "message": "ok"
}
HTTP/1.1 200 OK
Date: Thu, 14 May 2026 05:45:32 GMT
Content-Type: application/json
Transfer-Encoding: chunked
Connection: keep-alive
Access-Control-Allow-Origin: *
Access-Control-Allow-Methods: GET, POST, DELETE, PUT
Access-Control-Allow-Headers: Content-Type, api_key, Authorization
Server: Jetty(9.2.9.v20150224)

{
    "id": 191,
    "username": "user20",
    "firstName": "Net",
    "lastName": "Tester",
    "email": "Net20@test.com",
    "password": "Net123",
    "phone": "942435374",
    "userStatus": 20
}
USERNAME : user20
]]></system-out>
  </testcase>
  <testcase name="Postlist[{firstName=dummy, lastName=Tester, password=dummy123, userStatus=21, phone=9426835375, id=192, email=dummy21@test.com, username=user21}](3)" classname="com.myproject.tests.DataproviderTest" time="2.933">
    <system-out><![CDATA[Generated Token: 1778737534021
HTTP/1.1 200 OK
Date: Thu, 14 May 2026 05:45:35 GMT
Content-Type: application/json
Transfer-Encoding: chunked
Connection: keep-alive
Access-Control-Allow-Origin: *
Access-Control-Allow-Methods: GET, POST, DELETE, PUT
Access-Control-Allow-Headers: Content-Type, api_key, Authorization
Server: Jetty(9.2.9.v20150224)

{
    "code": 200,
    "type": "unknown",
    "message": "ok"
}
HTTP/1.1 200 OK
Date: Thu, 14 May 2026 05:45:36 GMT
Content-Type: application/json
Transfer-Encoding: chunked
Connection: keep-alive
Access-Control-Allow-Origin: *
Access-Control-Allow-Methods: GET, POST, DELETE, PUT
Access-Control-Allow-Headers: Content-Type, api_key, Authorization
Server: Jetty(9.2.9.v20150224)

{
    "id": 192,
    "username": "user21",
    "firstName": "dummy",
    "lastName": "Tester",
    "email": "dummy21@test.com",
    "password": "dummy123",
    "phone": "9426835375",
    "userStatus": 21
}
USERNAME : user21
]]></system-out>
  </testcase>
  <testcase name="updateUser" classname="com.myproject.tests.DataproviderTest" time="10.786">
    <system-out><![CDATA[Generated Token: 1778737538361
Updated USERNAME : Random1778737543605
HTTP/1.1 200 OK
Date: Thu, 14 May 2026 05:45:44 GMT
Content-Type: application/json
Transfer-Encoding: chunked
Connection: keep-alive
Access-Control-Allow-Origin: *
Access-Control-Allow-Methods: GET, POST, DELETE, PUT
Access-Control-Allow-Headers: Content-Type, api_key, Authorization
Server: Jetty(9.2.9.v20150224)

{
    "code": 200,
    "type": "unknown",
    "message": "9223372036854763740"
}
User updated successfully
HTTP/1.1 200 OK
Date: Thu, 14 May 2026 05:45:46 GMT
Content-Type: application/json
Transfer-Encoding: chunked
Connection: keep-alive
Access-Control-Allow-Origin: *
Access-Control-Allow-Methods: GET, POST, DELETE, PUT
Access-Control-Allow-Headers: Content-Type, api_key, Authorization
Server: Jetty(9.2.9.v20150224)

{
    "id": 9223372036854763740,
    "username": "Random1778737543605",
    "userStatus": 0
}
User is Succesfully Deleted
HTTP/1.1 404 Not Found
Date: Thu, 14 May 2026 05:45:49 GMT
Content-Type: application/json
Transfer-Encoding: chunked
Connection: keep-alive
Access-Control-Allow-Origin: *
Access-Control-Allow-Methods: GET, POST, DELETE, PUT
Access-Control-Allow-Headers: Content-Type, api_key, Authorization
Server: Jetty(9.2.9.v20150224)

{
    "code": 1,
    "type": "error",
    "message": "User not found"
}
User Not Found
]]></system-out>
  </testcase>
  <testcase name="Postlist" classname="com.myproject.tests.NegativeScenarioTest" time="15.387">
    <system-out><![CDATA[Generated Token: 1778737550816
POST Success for: ABC123
POST Success for: BCA321
POST Success for: CBA111
Negative Username: 63637
HTTP/1.1 404 Not Found
Date: Thu, 14 May 2026 05:46:01 GMT
Content-Type: application/json
Transfer-Encoding: chunked
Connection: keep-alive
Access-Control-Allow-Origin: *
Access-Control-Allow-Methods: GET, POST, DELETE, PUT
Access-Control-Allow-Headers: Content-Type, api_key, Authorization
Server: Jetty(9.2.9.v20150224)

{
    "code": 1,
    "type": "error",
    "message": "User not found"
}
GET Negative validated for: 63637
Negative Username: 36373
HTTP/1.1 404 Not Found
Date: Thu, 14 May 2026 05:46:03 GMT
Content-Type: application/json
Transfer-Encoding: chunked
Connection: keep-alive
Access-Control-Allow-Origin: *
Access-Control-Allow-Methods: GET, POST, DELETE, PUT
Access-Control-Allow-Headers: Content-Type, api_key, Authorization
Server: Jetty(9.2.9.v20150224)

{
    "code": 1,
    "type": "error",
    "message": "User not found"
}
GET Negative validated for: 36373
Negative Username: 35367
HTTP/1.1 404 Not Found
Date: Thu, 14 May 2026 05:46:04 GMT
Content-Type: application/json
Transfer-Encoding: chunked
Connection: keep-alive
Access-Control-Allow-Origin: *
Access-Control-Allow-Methods: GET, POST, DELETE, PUT
Access-Control-Allow-Headers: Content-Type, api_key, Authorization
Server: Jetty(9.2.9.v20150224)

{
    "code": 1,
    "type": "error",
    "message": "User not found"
}
GET Negative validated for: 35367
Negative Username: 552829
HTTP/1.1 404 Not Found
Date: Thu, 14 May 2026 05:46:06 GMT
Content-Type: application/json
Transfer-Encoding: chunked
Connection: keep-alive
Access-Control-Allow-Origin: *
Access-Control-Allow-Methods: GET, POST, DELETE, PUT
Access-Control-Allow-Headers: Content-Type, api_key, Authorization
Server: Jetty(9.2.9.v20150224)

{
    "code": 1,
    "type": "error",
    "message": "User not found"
}
GET Negative validated for: 552829
]]></system-out>
  </testcase>
  <testcase name="updateUser" classname="com.myproject.tests.NegativeScenarioTest" time="12.609">
    <system-out><![CDATA[Generated Token: 1778737567672
Updated USERNAME : Random1778737572862
HTTP/1.1 200 OK
Date: Thu, 14 May 2026 05:46:14 GMT
Content-Type: application/json
Transfer-Encoding: chunked
Connection: keep-alive
Access-Control-Allow-Origin: *
Access-Control-Allow-Methods: GET, POST, DELETE, PUT
Access-Control-Allow-Headers: Content-Type, api_key, Authorization
Server: Jetty(9.2.9.v20150224)

{
    "code": 200,
    "type": "unknown",
    "message": "9223372036854763740"
}
User updated successfully
HTTP/1.1 200 OK
Date: Thu, 14 May 2026 05:46:15 GMT
Content-Type: application/json
Transfer-Encoding: chunked
Connection: keep-alive
Access-Control-Allow-Origin: *
Access-Control-Allow-Methods: GET, POST, DELETE, PUT
Access-Control-Allow-Headers: Content-Type, api_key, Authorization
Server: Jetty(9.2.9.v20150224)

{
    "id": 9223372036854763740,
    "username": "Random1778737572862",
    "userStatus": 0
}
User is Succesfully Deleted
HTTP/1.1 404 Not Found
Date: Thu, 14 May 2026 05:46:18 GMT
Content-Type: application/json
Transfer-Encoding: chunked
Connection: keep-alive
Access-Control-Allow-Origin: *
Access-Control-Allow-Methods: GET, POST, DELETE, PUT
Access-Control-Allow-Headers: Content-Type, api_key, Authorization
Server: Jetty(9.2.9.v20150224)

{
    "code": 1,
    "type": "error",
    "message": "User not found"
}
User Not Found
User is Not Found for Deletion
]]></system-out>
  </testcase>
  <testcase name="Postlist" classname="com.myproject.tests.UserOperation" time="8.19">
    <system-out><![CDATA[Generated Token: 1778737581808
HTTP/1.1 200 OK
Date: Thu, 14 May 2026 05:46:28 GMT
Content-Type: application/json
Transfer-Encoding: chunked
Connection: keep-alive
Access-Control-Allow-Origin: *
Access-Control-Allow-Methods: GET, POST, DELETE, PUT
Access-Control-Allow-Headers: Content-Type, api_key, Authorization
Server: Jetty(9.2.9.v20150224)

{
    "code": 200,
    "type": "unknown",
    "message": "ok"
}
UserID : null
Headers validated successfully
No cookies found
HTTP/1.1 200 OK
Date: Thu, 14 May 2026 05:46:30 GMT
Content-Type: application/json
Transfer-Encoding: chunked
Connection: keep-alive
Access-Control-Allow-Origin: *
Access-Control-Allow-Methods: GET, POST, DELETE, PUT
Access-Control-Allow-Headers: Content-Type, api_key, Authorization
Server: Jetty(9.2.9.v20150224)

{
    "id": 134,
    "username": "user34",
    "firstName": "New",
    "lastName": "User",
    "email": "New134@test.com",
    "password": "New123",
    "phone": "9890959931",
    "userStatus": 19
}
USERNAME : user34
]]></system-out>
  </testcase>
  <testcase name="updateUser" classname="com.myproject.tests.UserOperation" time="5.837">
    <system-out><![CDATA[Generated Token: 1778737591672
Updated USERNAME : Random1778737591844
HTTP/1.1 200 OK
Date: Thu, 14 May 2026 05:46:33 GMT
Content-Type: application/json
Transfer-Encoding: chunked
Connection: keep-alive
Access-Control-Allow-Origin: *
Access-Control-Allow-Methods: GET, POST, DELETE, PUT
Access-Control-Allow-Headers: Content-Type, api_key, Authorization
Server: Jetty(9.2.9.v20150224)

{
    "code": 200,
    "type": "unknown",
    "message": "9223372036854763741"
}
User updated successfully
HTTP/1.1 200 OK
Date: Thu, 14 May 2026 05:46:34 GMT
Content-Type: application/json
Transfer-Encoding: chunked
Connection: keep-alive
Access-Control-Allow-Origin: *
Access-Control-Allow-Methods: GET, POST, DELETE, PUT
Access-Control-Allow-Headers: Content-Type, api_key, Authorization
Server: Jetty(9.2.9.v20150224)

{
    "id": 9223372036854763741,
    "username": "Random1778737591844",
    "userStatus": 0
}
User is Succesfully Deleted
HTTP/1.1 404 Not Found
Date: Thu, 14 May 2026 05:46:37 GMT
Content-Type: application/json
Transfer-Encoding: chunked
Connection: keep-alive
Access-Control-Allow-Origin: *
Access-Control-Allow-Methods: GET, POST, DELETE, PUT
Access-Control-Allow-Headers: Content-Type, api_key, Authorization
Server: Jetty(9.2.9.v20150224)

{
    "code": 1,
    "type": "error",
    "message": "User not found"
}
User Not Found
]]></system-out>
  </testcase>
</testsuite>