<?xml version="1.0" encoding="UTF-8"?>
<!-- Generated by org.testng.reporters.JUnitReportReporter -->
<testsuite hostname="Nilesh-Rajendra-Behare-B707s-MacBook-Air.local" failures="0" tests="2" name="com.myproject.tests.UserOperation" time="17.633" errors="0" timestamp="2026-05-14T16:38:11 IST" skipped="0">
  <testcase classname="com.myproject.tests.UserOperation" name="updateUser" time="7.790"/>
  <testcase classname="com.myproject.tests.UserOperation" name="Postlist" time="9.843"/>
</testsuite> <!-- com.myproject.tests.UserOperation -->
