<?xml version="1.0" encoding="UTF-8"?>
<!-- Generated by org.testng.reporters.JUnitReportReporter -->
<testsuite hostname="Nilesh-Rajendra-Behare-B707s-MacBook-Air.local" failures="0" tests="2" name="com.myproject.tests.DataDrivenTest" time="35.281" errors="0" timestamp="2026-05-19T12:40:40 IST" skipped="0">
  <testcase classname="com.myproject.tests.DataDrivenTest" name="Postlist" time="14.749"/>
  <testcase classname="com.myproject.tests.DataDrivenTest" name="updateUser" time="20.532"/>
</testsuite> <!-- com.myproject.tests.DataDrivenTest -->
