<?xml version="1.0" encoding="UTF-8"?>
<!-- Generated by org.testng.reporters.JUnitReportReporter -->
<testsuite hostname="Nilesh-Rajendra-Behare-B707s-MacBook-Air.local" failures="0" tests="4" name="com.myproject.tests.DataproviderTest" time="37.801" errors="0" timestamp="2026-05-14T16:38:11 IST" skipped="0">
  <testcase classname="com.myproject.tests.DataproviderTest" name="Postlist" time="10.234"/>
  <testcase classname="com.myproject.tests.DataproviderTest" name="Postlist" time="9.860"/>
  <testcase classname="com.myproject.tests.DataproviderTest" name="updateUser" time="7.980"/>
  <testcase classname="com.myproject.tests.DataproviderTest" name="Postlist" time="9.727"/>
</testsuite> <!-- com.myproject.tests.DataproviderTest -->
