<?xml version="1.0" encoding="UTF-8"?>
<!-- Generated by org.testng.reporters.JUnitReportReporter -->
<testsuite hostname="Nilesh-Rajendra-Behare-B707s-MacBook-Air.local" failures="0" tests="4" name="com.myproject.tests.DataproviderTest" time="28.538" errors="0" timestamp="2026-05-19T12:40:40 IST" skipped="0">
  <testcase classname="com.myproject.tests.DataproviderTest" name="updateUser" time="6.632"/>
  <testcase classname="com.myproject.tests.DataproviderTest" name="Postlist" time="4.020"/>
  <testcase classname="com.myproject.tests.DataproviderTest" name="Postlist" time="8.928"/>
  <testcase classname="com.myproject.tests.DataproviderTest" name="Postlist" time="8.958"/>
</testsuite> <!-- com.myproject.tests.DataproviderTest -->
