<?xml version="1.0" encoding="UTF-8"?>
<!-- Generated by org.testng.reporters.JUnitReportReporter -->
<testsuite hostname="Nilesh-Rajendra-Behare-B707s-MacBook-Air.local" failures="0" tests="2" name="com.myproject.tests.NegativeScenarioTest" time="36.325" errors="0" timestamp="2026-05-14T16:38:11 IST" skipped="0">
  <testcase classname="com.myproject.tests.NegativeScenarioTest" name="updateUser" time="18.518"/>
  <testcase classname="com.myproject.tests.NegativeScenarioTest" name="Postlist" time="17.807"/>
</testsuite> <!-- com.myproject.tests.NegativeScenarioTest -->
