<?xml version="1.0" encoding="UTF-8"?>
<!-- Generated by org.testng.reporters.JUnitReportReporter -->
<testsuite hostname="Nilesh-Rajendra-Behare-B707s-MacBook-Air.local" failures="0" tests="2" name="com.myproject.tests.DataDrivenTest" time="32.525" errors="0" timestamp="2026-05-15T18:26:16 IST" skipped="0">
  <testcase classname="com.myproject.tests.DataDrivenTest" name="updateUser" time="12.271"/>
  <testcase classname="com.myproject.tests.DataDrivenTest" name="Postlist" time="20.254"/>
</testsuite> <!-- com.myproject.tests.DataDrivenTest -->
