<?xml version="1.0" encoding="UTF-8"?>
<!-- Generated by org.testng.reporters.JUnitReportReporter -->
<testsuite hostname="Nilesh-Rajendra-Behare-B707s-MacBook-Air.local" failures="0" tests="2" name="com.myproject.tests.PojoTest" time="26.152" errors="0" timestamp="2026-05-19T12:40:40 IST" skipped="0">
  <testcase classname="com.myproject.tests.PojoTest" name="Postlist" time="14.614"/>
  <testcase classname="com.myproject.tests.PojoTest" name="updateUser" time="11.538"/>
</testsuite> <!-- com.myproject.tests.PojoTest -->
