<?xml version="1.0" encoding="UTF-8"?>
<!-- Generated by org.testng.reporters.JUnitXMLReporter -->
<testsuite ignored="0" hostname="Nilesh-Rajendra-Behare-B707s-MacBook-Air.local" failures="0" tests="10" name="Test" time="118.416" errors="0" timestamp="2026-05-14T11:16:42 IST">
  <testcase classname="com.myproject.tests.DataDrivenTest" name="Postlist" time="14.622"/>
  <testcase classname="com.myproject.tests.DataDrivenTest" name="updateUser" time="11.168"/>
  <testcase classname="com.myproject.tests.DataproviderTest" name="Postlist" time="11.728"/>
  <testcase classname="com.myproject.tests.DataproviderTest" name="Postlist" time="8.089"/>
  <testcase classname="com.myproject.tests.DataproviderTest" name="Postlist" time="2.933"/>
  <testcase classname="com.myproject.tests.DataproviderTest" name="updateUser" time="10.785"/>
  <testcase classname="com.myproject.tests.NegativeScenarioTest" name="Postlist" time="15.384"/>
  <testcase classname="com.myproject.tests.NegativeScenarioTest" name="updateUser" time="12.608"/>
  <testcase classname="com.myproject.tests.UserOperation" name="Postlist" time="8.192"/>
  <testcase classname="com.myproject.tests.UserOperation" name="updateUser" time="5.838"/>
</testsuite> <!-- Test -->
