<?xml version="1.0" encoding="UTF-8"?>
<!-- Generated by org.testng.reporters.JUnitXMLReporter -->
<testsuite ignored="0" hostname="Nilesh-Rajendra-Behare-B707s-MacBook-Air.local" failures="0" tests="10" name="Test" time="127.479" errors="0" timestamp="2026-05-14T16:38:11 IST">
  <testcase classname="com.myproject.tests.DataDrivenTest" name="Postlist" time="15.758"/>
  <testcase classname="com.myproject.tests.DataDrivenTest" name="updateUser" time="11.635"/>
  <testcase classname="com.myproject.tests.DataproviderTest" name="Postlist" time="8.474"/>
  <testcase classname="com.myproject.tests.DataproviderTest" name="Postlist" time="8.376"/>
  <testcase classname="com.myproject.tests.DataproviderTest" name="Postlist" time="8.095"/>
  <testcase classname="com.myproject.tests.DataproviderTest" name="updateUser" time="6.407"/>
  <testcase classname="com.myproject.tests.NegativeScenarioTest" name="Postlist" time="16.271"/>
  <testcase classname="com.myproject.tests.NegativeScenarioTest" name="updateUser" time="16.997"/>
  <testcase classname="com.myproject.tests.UserOperation" name="Postlist" time="8.226"/>
  <testcase classname="com.myproject.tests.UserOperation" name="updateUser" time="6.17"/>
</testsuite> <!-- Test -->
