<?xml version="1.0" encoding="UTF-8"?>
<!-- Generated by org.testng.reporters.JUnitXMLReporter -->
<testsuite ignored="1" hostname="Nilesh-Rajendra-Behare-B707s-MacBook-Air.local" failures="1" tests="1" name="Surefire test" time="7.108" errors="0" timestamp="2026-05-12T11:43:31 IST">
  <testcase classname="com.myproject.tests.NegativeScenarioTest" name="Postlist" time="7.09">
    <failure type="java.lang.IndexOutOfBoundsException" message="Index 6 out of bounds for length 6">
      <![CDATA[java.lang.IndexOutOfBoundsException: Index 6 out of bounds for length 6
at java.base/jdk.internal.util.Preconditions.outOfBounds(Preconditions.java:100)
at java.base/jdk.internal.util.Preconditions.outOfBoundsCheckIndex(Preconditions.java:106)
at java.base/jdk.internal.util.Preconditions.checkIndex(Preconditions.java:302)
at java.base/java.util.Objects.checkIndex(Objects.java:385)
at java.base/java.util.ArrayList.get(ArrayList.java:427)
at com.myproject.tests.NegativeScenarioTest.Postlist(NegativeScenarioTest.java:91)
at java.base/java.util.ArrayList.forEach(ArrayList.java:1511)
... Removed 30 stack frames]]>
    </failure>
  </testcase> <!-- Postlist -->
  <testcase classname="com.myproject.tests.NegativeScenarioTest" name="updateUser" time="0.0">
    <ignored/>
  </testcase> <!-- updateUser -->
</testsuite> <!-- Surefire test -->
