<?xml version="1.0" encoding="UTF-8"?>
<!-- Generated by org.testng.reporters.JUnitXMLReporter -->
<testsuite ignored="0" hostname="Nilesh-Rajendra-Behare-B707s-MacBook-Air.local" failures="0" tests="2" name="Surefire test" time="9.095" errors="0" timestamp="2026-04-27T16:04:14 IST">
  <testcase classname="com.myproject.tests.UserOperation" name="Postlist" time="3.509"/>
  <testcase classname="com.myproject.tests.UserOperation" name="updateUser" time="3.208"/>
</testsuite> <!-- Surefire test -->
